<?xml version="1.0" encoding="UTF-8"?>
<!-- Generated by org.testng.reporters.JUnitXMLReporter -->
<testsuite hostname="DESKTOP-KVILGHV" ignored="1" name="Default test" tests="2" failures="0" timestamp="01 May 2018 08:05:03 GMT" time="83.432" errors="0">
  <testcase name="Loginto" time="34.866" classname="testCases.TC001"/>
  <testcase name="createDoctor" time="34.153" classname="testCases.TC002"/>
  <testcase name="@BeforeSuite repos" time="0.0" classname="config.Browser">
    <ignored/>
  </testcase> <!-- @BeforeSuite repos -->
</testsuite> <!-- Default test -->
