<?xml version="1.0" encoding="UTF-8"?>
<testng-results skipped="0" failed="0" ignored="1" total="3" passed="2">
  <reporter-output>
  </reporter-output>
  <suite name="Pradeep Test suite" duration-ms="77192" started-at="2018-05-01T11:19:23Z" finished-at="2018-05-01T11:20:40Z">
    <groups>
    </groups>
    <test name="Default test" duration-ms="77192" started-at="2018-05-01T11:19:23Z" finished-at="2018-05-01T11:20:40Z">
      <class name="testCases.TC001">
        <test-method status="PASS" signature="repos()[pri:0, instance:testCases.TC001@4671e53b]" name="repos" is-config="true" duration-ms="155" started-at="2018-05-01T11:19:23Z" finished-at="2018-05-01T11:19:23Z">
          <reporter-output>
          </reporter-output>
        </test-method> <!-- repos -->
        <test-method status="PASS" signature="beforeClass()[pri:0, instance:testCases.TC001@4671e53b]" name="beforeClass" is-config="true" duration-ms="3536" started-at="2018-05-01T11:19:23Z" finished-at="2018-05-01T11:19:26Z">
          <reporter-output>
          </reporter-output>
        </test-method> <!-- beforeClass -->
        <test-method status="PASS" signature="Loginto()[pri:0, instance:testCases.TC001@4671e53b]" name="Loginto" duration-ms="33983" started-at="2018-05-01T11:19:26Z" finished-at="2018-05-01T11:20:00Z">
          <reporter-output>
          </reporter-output>
        </test-method> <!-- Loginto -->
        <test-method status="PASS" signature="result(org.testng.ITestResult)[pri:0, instance:testCases.TC001@4671e53b]" name="result" is-config="true" duration-ms="7" started-at="2018-05-01T11:20:01Z" finished-at="2018-05-01T11:20:01Z">
          <params>
            <param index="0">
              <value>
                <![CDATA[[TestResult name=Loginto status=SUCCESS method=TC001.Loginto()[pri:0, instance:testCases.TC001@4671e53b] output={null}]]]>
              </value>
            </param>
          </params>
          <reporter-output>
          </reporter-output>
        </test-method> <!-- result -->
        <test-method status="PASS" signature="quite()[pri:0, instance:testCases.TC001@4671e53b]" name="quite" is-config="true" duration-ms="829" started-at="2018-05-01T11:20:01Z" finished-at="2018-05-01T11:20:02Z">
          <reporter-output>
          </reporter-output>
        </test-method> <!-- quite -->
      </class> <!-- testCases.TC001 -->
      <class name="testCases.TC002">
        <test-method status="PASS" signature="beforeClass()[pri:0, instance:testCases.TC002@2db7a79b]" name="beforeClass" is-config="true" duration-ms="3072" started-at="2018-05-01T11:20:02Z" finished-at="2018-05-01T11:20:05Z">
          <reporter-output>
          </reporter-output>
        </test-method> <!-- beforeClass -->
        <test-method status="PASS" signature="createDoctor()[pri:0, instance:testCases.TC002@2db7a79b]" name="createDoctor" duration-ms="34354" started-at="2018-05-01T11:20:05Z" finished-at="2018-05-01T11:20:39Z">
          <reporter-output>
          </reporter-output>
        </test-method> <!-- createDoctor -->
        <test-method status="PASS" signature="result(org.testng.ITestResult)[pri:0, instance:testCases.TC002@2db7a79b]" name="result" is-config="true" duration-ms="1" started-at="2018-05-01T11:20:39Z" finished-at="2018-05-01T11:20:39Z">
          <params>
            <param index="0">
              <value>
                <![CDATA[[TestResult name=createDoctor status=SUCCESS method=TC002.createDoctor()[pri:0, instance:testCases.TC002@2db7a79b] output={null}]]]>
              </value>
            </param>
          </params>
          <reporter-output>
          </reporter-output>
        </test-method> <!-- result -->
        <test-method status="PASS" signature="quite()[pri:0, instance:testCases.TC002@2db7a79b]" name="quite" is-config="true" duration-ms="666" started-at="2018-05-01T11:20:39Z" finished-at="2018-05-01T11:20:40Z">
          <reporter-output>
          </reporter-output>
        </test-method> <!-- quite -->
      </class> <!-- testCases.TC002 -->
    </test> <!-- Default test -->
  </suite> <!-- Pradeep Test suite -->
</testng-results>
