<?xml version="1.0" encoding="UTF-8"?>
<testng-results skipped="0" failed="0" ignored="0" total="2" passed="2">
  <reporter-output>
  </reporter-output>
  <suite name="Pradeep Test suite" duration-ms="90757" started-at="2018-04-30T08:47:25Z" finished-at="2018-04-30T08:48:56Z">
    <groups>
    </groups>
    <test name="Default test" duration-ms="90757" started-at="2018-04-30T08:47:25Z" finished-at="2018-04-30T08:48:56Z">
      <class name="testCases.TC001">
        <test-method status="PASS" signature="beforeClass()[pri:0, instance:testCases.TC001@1b26f7b2]" name="beforeClass" is-config="true" duration-ms="3562" started-at="2018-04-30T08:47:25Z" finished-at="2018-04-30T08:47:29Z">
          <reporter-output>
          </reporter-output>
        </test-method> <!-- beforeClass -->
        <test-method status="PASS" signature="Loginto()[pri:0, instance:testCases.TC001@1b26f7b2]" name="Loginto" duration-ms="35104" started-at="2018-04-30T08:47:29Z" finished-at="2018-04-30T08:48:04Z">
          <reporter-output>
          </reporter-output>
        </test-method> <!-- Loginto -->
        <test-method status="PASS" signature="quite()[pri:0, instance:testCases.TC001@1b26f7b2]" name="quite" is-config="true" duration-ms="594" started-at="2018-04-30T08:48:04Z" finished-at="2018-04-30T08:48:05Z">
          <reporter-output>
          </reporter-output>
        </test-method> <!-- quite -->
      </class> <!-- testCases.TC001 -->
      <class name="testCases.TC002">
        <test-method status="PASS" signature="beforeClass()[pri:0, instance:testCases.TC002@491cc5c9]" name="beforeClass" is-config="true" duration-ms="3020" started-at="2018-04-30T08:48:05Z" finished-at="2018-04-30T08:48:08Z">
          <reporter-output>
          </reporter-output>
        </test-method> <!-- beforeClass -->
        <test-method status="PASS" signature="createDoctor()[pri:0, instance:testCases.TC002@491cc5c9]" name="createDoctor" duration-ms="47844" started-at="2018-04-30T08:48:08Z" finished-at="2018-04-30T08:48:56Z">
          <reporter-output>
          </reporter-output>
        </test-method> <!-- createDoctor -->
        <test-method status="PASS" signature="quite()[pri:0, instance:testCases.TC002@491cc5c9]" name="quite" is-config="true" duration-ms="612" started-at="2018-04-30T08:48:56Z" finished-at="2018-04-30T08:48:56Z">
          <reporter-output>
          </reporter-output>
        </test-method> <!-- quite -->
      </class> <!-- testCases.TC002 -->
    </test> <!-- Default test -->
  </suite> <!-- Pradeep Test suite -->
</testng-results>
